[2026-03-18 08:49:31] Inicio auto-update

Estado persistente guardado en /Users/jacquesbentata/Documents/New project/mundial_2026/tournament_state_2026.json
Progreso llave: 250/300 iteraciones
Llave proyectada guardada en /Users/jacquesbentata/Documents/New project/mundial_2026/llave_actual_2026.md
# Llave actual proyectada | iteraciones=300

## Dieciseisavos de final
### Dieciseisavos 1
- Escenario modal: South Korea vs Switzerland -> gana Switzerland (7.7%)
- Ganador mas probable total: Switzerland (20.3%)
- Va a proroga en 31.0% y a penales en 20.0%

### Dieciseisavos 2
- Escenario modal: Germany vs United States -> gana Germany (6.0%)
- Ganador mas probable total: Germany (45.3%)
- Va a proroga en 24.0% y a penales en 10.7%

### Dieciseisavos 3
- Escenario modal: Netherlands vs Scotland -> gana Netherlands (24.3%)
- Ganador mas probable total: Netherlands (50.7%)
- Va a proroga en 27.3% y a penales en 15.7%

### Dieciseisavos 4
- Escenario modal: Brazil vs Japan -> gana Brazil (30.3%)
- Ganador mas probable total: Brazil (67.3%)
- Va a proroga en 26.0% y a penales en 16.3%

### Dieciseisavos 5
- Escenario modal: France vs Morocco -> gana France (7.0%)
- Ganador mas probable total: France (69.3%)
- Va a proroga en 16.0% y a penales en 8.7%

### Dieciseisavos 6
- Escenario modal: Ecuador vs Norway -> gana Norway (14.0%)
- Ganador mas probable total: Norway (26.7%)
- Va a proroga en 29.7% y a penales en 18.3%

### Dieciseisavos 7
- Escenario modal: Mexico vs Morocco -> gana Mexico (7.3%)
- Ganador mas probable total: Mexico (39.3%)
- Va a proroga en 25.3% y a penales en 17.0%

### Dieciseisavos 8
- Escenario modal: England vs Uzbekistan -> gana England (24.0%)
- Ganador mas probable total: England (59.3%)
- Va a proroga en 17.0% y a penales en 12.7%

### Dieciseisavos 9
- Escenario modal: Turkey vs Canada -> gana Turkey (7.3%)
- Ganador mas probable total: Turkey (28.3%)
- Va a proroga en 27.0% y a penales en 15.0%

### Dieciseisavos 10
- Escenario modal: Belgium vs South Korea -> gana Belgium (13.0%)
- Ganador mas probable total: Belgium (48.7%)
- Va a proroga en 30.0% y a penales en 18.7%

### Dieciseisavos 11
- Escenario modal: Portugal vs Croatia -> gana Portugal (17.3%)
- Ganador mas probable total: Portugal (26.0%)
- Va a proroga en 27.3% y a penales en 17.0%

### Dieciseisavos 12
- Escenario modal: Spain vs Austria -> gana Spain (50.7%)
- Ganador mas probable total: Spain (84.0%)
- Va a proroga en 15.7% y a penales en 9.7%

### Dieciseisavos 13
- Escenario modal: Switzerland vs Egypt -> gana Switzerland (6.7%)
- Ganador mas probable total: Switzerland (40.7%)
- Va a proroga en 19.3% y a penales en 14.0%

### Dieciseisavos 14
- Escenario modal: Argentina vs Uruguay -> gana Argentina (61.7%)
- Ganador mas probable total: Argentina (76.7%)
- Va a proroga en 23.3% y a penales en 16.3%

### Dieciseisavos 15
- Escenario modal: Colombia vs Panama -> gana Colombia (20.3%)
- Ganador mas probable total: Colombia (43.3%)
- Va a proroga en 21.7% y a penales en 13.7%

### Dieciseisavos 16
- Escenario modal: Australia vs Iran -> gana Australia (9.0%)
- Ganador mas probable total: Australia (18.0%)
- Va a proroga en 28.3% y a penales en 18.3%

## Octavos de final
### Octavos 1
- Escenario modal: Switzerland vs Ecuador -> gana Ecuador (6.3%)
- Ganador mas probable total: Ecuador (27.0%)
- Va a proroga en 28.7% y a penales en 18.7%

### Octavos 2
- Escenario modal: Netherlands vs Brazil -> gana Brazil (24.3%)
- Ganador mas probable total: Brazil (52.3%)
- Va a proroga en 31.7% y a penales en 20.7%

### Octavos 3
- Escenario modal: France vs Norway -> gana France (18.0%)
- Ganador mas probable total: France (67.3%)
- Va a proroga en 23.0% y a penales en 15.0%

### Octavos 4
- Escenario modal: Mexico vs England -> gana England (17.3%)
- Ganador mas probable total: England (48.0%)
- Va a proroga en 25.7% y a penales en 17.3%

### Octavos 5
- Escenario modal: Paraguay vs Belgium -> gana Belgium (6.7%)
- Ganador mas probable total: Belgium (29.0%)
- Va a proroga en 31.3% y a penales en 20.0%

### Octavos 6
- Escenario modal: Croatia vs Spain -> gana Spain (17.3%)
- Ganador mas probable total: Spain (68.0%)
- Va a proroga en 24.0% y a penales en 12.7%

### Octavos 7
- Escenario modal: Switzerland vs Argentina -> gana Argentina (28.7%)
- Ganador mas probable total: Argentina (67.3%)
- Va a proroga en 24.0% y a penales en 11.7%

### Octavos 8
- Escenario modal: Colombia vs Paraguay -> gana Colombia (8.0%)
- Ganador mas probable total: Colombia (36.3%)
- Va a proroga en 21.0% y a penales en 13.0%

## Cuartos de final
### Cuartos 1
- Escenario modal: Germany vs Brazil -> gana Brazil (11.7%)
- Ganador mas probable total: Brazil (35.3%)
- Va a proroga en 28.0% y a penales en 17.3%

### Cuartos 2
- Escenario modal: France vs England -> gana France (16.0%)
- Ganador mas probable total: France (45.0%)
- Va a proroga en 29.0% y a penales en 16.3%

### Cuartos 3
- Escenario modal: Belgium vs Spain -> gana Spain (18.3%)
- Ganador mas probable total: Spain (61.7%)
- Va a proroga en 16.3% y a penales en 8.7%

### Cuartos 4
- Escenario modal: Argentina vs Colombia -> gana Argentina (16.3%)
- Ganador mas probable total: Argentina (51.0%)
- Va a proroga en 27.0% y a penales en 17.3%

## Semifinales
### Semifinal 1
- Escenario modal: Brazil vs France -> gana France (9.0%)
- Ganador mas probable total: France (28.0%)
- Va a proroga en 27.7% y a penales en 16.7%

### Semifinal 2
- Escenario modal: Spain vs Argentina -> gana Spain (20.0%)
- Ganador mas probable total: Spain (46.0%)
- Va a proroga en 29.7% y a penales en 17.0%

## Partido por el tercer puesto
### Tercer puesto
- Escenario modal: Netherlands vs Argentina -> gana Argentina (2.7%)
- Ganador mas probable total: Argentina (15.3%)

## Final
### Final
- Escenario modal: France vs Spain -> gana Spain (8.7%)
- Ganador mas probable total: Spain (31.7%)
- Va a proroga en 23.7% y a penales en 14.3%

[2026-03-18 08:49:35] Fin auto-update
[2026-03-18 09:11:40] Inicio auto-update

Estado persistente guardado en /Users/jacquesbentata/Documents/New project/mundial_2026/tournament_state_2026.json
Progreso llave: 250/300 iteraciones
Llave proyectada guardada en /Users/jacquesbentata/Documents/New project/mundial_2026/llave_actual_2026.md
# Llave actual proyectada | iteraciones=300

## Dieciseisavos de final
### Dieciseisavos 1
- Escenario modal: South Korea vs Switzerland -> gana Switzerland (7.7%)
- Ganador mas probable total: Switzerland (20.3%)
- Va a proroga en 31.0% y a penales en 20.0%

### Dieciseisavos 2
- Escenario modal: Germany vs United States -> gana Germany (6.0%)
- Ganador mas probable total: Germany (45.3%)
- Va a proroga en 24.0% y a penales en 10.7%

### Dieciseisavos 3
- Escenario modal: Netherlands vs Scotland -> gana Netherlands (24.3%)
- Ganador mas probable total: Netherlands (50.7%)
- Va a proroga en 27.3% y a penales en 15.7%

### Dieciseisavos 4
- Escenario modal: Brazil vs Japan -> gana Brazil (30.3%)
- Ganador mas probable total: Brazil (67.3%)
- Va a proroga en 26.0% y a penales en 16.3%

### Dieciseisavos 5
- Escenario modal: France vs Morocco -> gana France (7.0%)
- Ganador mas probable total: France (69.3%)
- Va a proroga en 16.0% y a penales en 8.7%

### Dieciseisavos 6
- Escenario modal: Ecuador vs Norway -> gana Norway (14.0%)
- Ganador mas probable total: Norway (26.7%)
- Va a proroga en 29.7% y a penales en 18.3%

### Dieciseisavos 7
- Escenario modal: Mexico vs Morocco -> gana Mexico (7.3%)
- Ganador mas probable total: Mexico (39.3%)
- Va a proroga en 25.3% y a penales en 17.0%

### Dieciseisavos 8
- Escenario modal: England vs Uzbekistan -> gana England (24.0%)
- Ganador mas probable total: England (59.3%)
- Va a proroga en 17.0% y a penales en 12.7%

### Dieciseisavos 9
- Escenario modal: Turkey vs Canada -> gana Turkey (7.3%)
- Ganador mas probable total: Turkey (28.3%)
- Va a proroga en 27.0% y a penales en 15.0%

### Dieciseisavos 10
- Escenario modal: Belgium vs South Korea -> gana Belgium (13.0%)
- Ganador mas probable total: Belgium (48.7%)
- Va a proroga en 30.0% y a penales en 18.7%

### Dieciseisavos 11
- Escenario modal: Portugal vs Croatia -> gana Portugal (17.3%)
- Ganador mas probable total: Portugal (26.0%)
- Va a proroga en 27.3% y a penales en 17.0%

### Dieciseisavos 12
- Escenario modal: Spain vs Austria -> gana Spain (50.7%)
- Ganador mas probable total: Spain (84.0%)
- Va a proroga en 15.7% y a penales en 9.7%

### Dieciseisavos 13
- Escenario modal: Switzerland vs Egypt -> gana Switzerland (6.7%)
- Ganador mas probable total: Switzerland (40.7%)
- Va a proroga en 19.3% y a penales en 14.0%

### Dieciseisavos 14
- Escenario modal: Argentina vs Uruguay -> gana Argentina (61.7%)
- Ganador mas probable total: Argentina (76.7%)
- Va a proroga en 23.3% y a penales en 16.3%

### Dieciseisavos 15
- Escenario modal: Colombia vs Panama -> gana Colombia (20.3%)
- Ganador mas probable total: Colombia (43.3%)
- Va a proroga en 21.7% y a penales en 13.7%

### Dieciseisavos 16
- Escenario modal: Australia vs Iran -> gana Australia (9.0%)
- Ganador mas probable total: Australia (18.0%)
- Va a proroga en 28.3% y a penales en 18.3%

## Octavos de final
### Octavos 1
- Escenario modal: Switzerland vs Ecuador -> gana Ecuador (6.3%)
- Ganador mas probable total: Ecuador (27.0%)
- Va a proroga en 28.7% y a penales en 18.7%

### Octavos 2
- Escenario modal: Netherlands vs Brazil -> gana Brazil (24.3%)
- Ganador mas probable total: Brazil (52.3%)
- Va a proroga en 31.7% y a penales en 20.7%

### Octavos 3
- Escenario modal: France vs Norway -> gana France (18.0%)
- Ganador mas probable total: France (67.3%)
- Va a proroga en 23.0% y a penales en 15.0%

### Octavos 4
- Escenario modal: Mexico vs England -> gana England (17.3%)
- Ganador mas probable total: England (48.0%)
- Va a proroga en 25.7% y a penales en 17.3%

### Octavos 5
- Escenario modal: Paraguay vs Belgium -> gana Belgium (6.7%)
- Ganador mas probable total: Belgium (29.0%)
- Va a proroga en 31.3% y a penales en 20.0%

### Octavos 6
- Escenario modal: Croatia vs Spain -> gana Spain (17.3%)
- Ganador mas probable total: Spain (68.0%)
- Va a proroga en 24.0% y a penales en 12.7%

### Octavos 7
- Escenario modal: Switzerland vs Argentina -> gana Argentina (28.7%)
- Ganador mas probable total: Argentina (67.3%)
- Va a proroga en 24.0% y a penales en 11.7%

### Octavos 8
- Escenario modal: Colombia vs Paraguay -> gana Colombia (8.0%)
- Ganador mas probable total: Colombia (36.3%)
- Va a proroga en 21.0% y a penales en 13.0%

## Cuartos de final
### Cuartos 1
- Escenario modal: Germany vs Brazil -> gana Brazil (11.7%)
- Ganador mas probable total: Brazil (35.3%)
- Va a proroga en 28.0% y a penales en 17.3%

### Cuartos 2
- Escenario modal: France vs England -> gana France (16.0%)
- Ganador mas probable total: France (45.0%)
- Va a proroga en 29.0% y a penales en 16.3%

### Cuartos 3
- Escenario modal: Belgium vs Spain -> gana Spain (18.3%)
- Ganador mas probable total: Spain (61.7%)
- Va a proroga en 16.3% y a penales en 8.7%

### Cuartos 4
- Escenario modal: Argentina vs Colombia -> gana Argentina (16.3%)
- Ganador mas probable total: Argentina (51.0%)
- Va a proroga en 27.0% y a penales en 17.3%

## Semifinales
### Semifinal 1
- Escenario modal: Brazil vs France -> gana France (9.0%)
- Ganador mas probable total: France (28.0%)
- Va a proroga en 27.7% y a penales en 16.7%

### Semifinal 2
- Escenario modal: Spain vs Argentina -> gana Spain (20.0%)
- Ganador mas probable total: Spain (46.0%)
- Va a proroga en 29.7% y a penales en 17.0%

## Partido por el tercer puesto
### Tercer puesto
- Escenario modal: Netherlands vs Argentina -> gana Argentina (2.7%)
- Ganador mas probable total: Argentina (15.3%)

## Final
### Final
- Escenario modal: France vs Spain -> gana Spain (8.7%)
- Ganador mas probable total: Spain (31.7%)
- Va a proroga en 23.7% y a penales en 14.3%

Reporte Markdown guardado en /Users/jacquesbentata/Documents/New project/mundial_2026/reporte_actual_2026.md
Reporte HTML guardado en /Users/jacquesbentata/Documents/New project/mundial_2026/dashboard_actual_2026.html
mkdir: /Users/jacquesbentata/Library/Mobile Documents/com~apple~CloudDocs/quiniela_2026: Operation not permitted
[2026-03-18 09:12:44] Inicio auto-update

Estado persistente guardado en /Users/jacquesbentata/Documents/New project/mundial_2026/tournament_state_2026.json
Progreso llave: 250/300 iteraciones
Llave proyectada guardada en /Users/jacquesbentata/Documents/New project/mundial_2026/llave_actual_2026.md
# Llave actual proyectada | iteraciones=300

## Dieciseisavos de final
### Dieciseisavos 1
- Escenario modal: South Korea vs Switzerland -> gana Switzerland (7.7%)
- Ganador mas probable total: Switzerland (20.3%)
- Va a proroga en 31.0% y a penales en 20.0%

### Dieciseisavos 2
- Escenario modal: Germany vs United States -> gana Germany (6.0%)
- Ganador mas probable total: Germany (45.3%)
- Va a proroga en 24.0% y a penales en 10.7%

### Dieciseisavos 3
- Escenario modal: Netherlands vs Scotland -> gana Netherlands (24.3%)
- Ganador mas probable total: Netherlands (50.7%)
- Va a proroga en 27.3% y a penales en 15.7%

### Dieciseisavos 4
- Escenario modal: Brazil vs Japan -> gana Brazil (30.3%)
- Ganador mas probable total: Brazil (67.3%)
- Va a proroga en 26.0% y a penales en 16.3%

### Dieciseisavos 5
- Escenario modal: France vs Morocco -> gana France (7.0%)
- Ganador mas probable total: France (69.3%)
- Va a proroga en 16.0% y a penales en 8.7%

### Dieciseisavos 6
- Escenario modal: Ecuador vs Norway -> gana Norway (14.0%)
- Ganador mas probable total: Norway (26.7%)
- Va a proroga en 29.7% y a penales en 18.3%

### Dieciseisavos 7
- Escenario modal: Mexico vs Morocco -> gana Mexico (7.3%)
- Ganador mas probable total: Mexico (39.3%)
- Va a proroga en 25.3% y a penales en 17.0%

### Dieciseisavos 8
- Escenario modal: England vs Uzbekistan -> gana England (24.0%)
- Ganador mas probable total: England (59.3%)
- Va a proroga en 17.0% y a penales en 12.7%

### Dieciseisavos 9
- Escenario modal: Turkey vs Canada -> gana Turkey (7.3%)
- Ganador mas probable total: Turkey (28.3%)
- Va a proroga en 27.0% y a penales en 15.0%

### Dieciseisavos 10
- Escenario modal: Belgium vs South Korea -> gana Belgium (13.0%)
- Ganador mas probable total: Belgium (48.7%)
- Va a proroga en 30.0% y a penales en 18.7%

### Dieciseisavos 11
- Escenario modal: Portugal vs Croatia -> gana Portugal (17.3%)
- Ganador mas probable total: Portugal (26.0%)
- Va a proroga en 27.3% y a penales en 17.0%

### Dieciseisavos 12
- Escenario modal: Spain vs Austria -> gana Spain (50.7%)
- Ganador mas probable total: Spain (84.0%)
- Va a proroga en 15.7% y a penales en 9.7%

### Dieciseisavos 13
- Escenario modal: Switzerland vs Egypt -> gana Switzerland (6.7%)
- Ganador mas probable total: Switzerland (40.7%)
- Va a proroga en 19.3% y a penales en 14.0%

### Dieciseisavos 14
- Escenario modal: Argentina vs Uruguay -> gana Argentina (61.7%)
- Ganador mas probable total: Argentina (76.7%)
- Va a proroga en 23.3% y a penales en 16.3%

### Dieciseisavos 15
- Escenario modal: Colombia vs Panama -> gana Colombia (20.3%)
- Ganador mas probable total: Colombia (43.3%)
- Va a proroga en 21.7% y a penales en 13.7%

### Dieciseisavos 16
- Escenario modal: Australia vs Iran -> gana Australia (9.0%)
- Ganador mas probable total: Australia (18.0%)
- Va a proroga en 28.3% y a penales en 18.3%

## Octavos de final
### Octavos 1
- Escenario modal: Switzerland vs Ecuador -> gana Ecuador (6.3%)
- Ganador mas probable total: Ecuador (27.0%)
- Va a proroga en 28.7% y a penales en 18.7%

### Octavos 2
- Escenario modal: Netherlands vs Brazil -> gana Brazil (24.3%)
- Ganador mas probable total: Brazil (52.3%)
- Va a proroga en 31.7% y a penales en 20.7%

### Octavos 3
- Escenario modal: France vs Norway -> gana France (18.0%)
- Ganador mas probable total: France (67.3%)
- Va a proroga en 23.0% y a penales en 15.0%

### Octavos 4
- Escenario modal: Mexico vs England -> gana England (17.3%)
- Ganador mas probable total: England (48.0%)
- Va a proroga en 25.7% y a penales en 17.3%

### Octavos 5
- Escenario modal: Paraguay vs Belgium -> gana Belgium (6.7%)
- Ganador mas probable total: Belgium (29.0%)
- Va a proroga en 31.3% y a penales en 20.0%

### Octavos 6
- Escenario modal: Croatia vs Spain -> gana Spain (17.3%)
- Ganador mas probable total: Spain (68.0%)
- Va a proroga en 24.0% y a penales en 12.7%

### Octavos 7
- Escenario modal: Switzerland vs Argentina -> gana Argentina (28.7%)
- Ganador mas probable total: Argentina (67.3%)
- Va a proroga en 24.0% y a penales en 11.7%

### Octavos 8
- Escenario modal: Colombia vs Paraguay -> gana Colombia (8.0%)
- Ganador mas probable total: Colombia (36.3%)
- Va a proroga en 21.0% y a penales en 13.0%

## Cuartos de final
### Cuartos 1
- Escenario modal: Germany vs Brazil -> gana Brazil (11.7%)
- Ganador mas probable total: Brazil (35.3%)
- Va a proroga en 28.0% y a penales en 17.3%

### Cuartos 2
- Escenario modal: France vs England -> gana France (16.0%)
- Ganador mas probable total: France (45.0%)
- Va a proroga en 29.0% y a penales en 16.3%

### Cuartos 3
- Escenario modal: Belgium vs Spain -> gana Spain (18.3%)
- Ganador mas probable total: Spain (61.7%)
- Va a proroga en 16.3% y a penales en 8.7%

### Cuartos 4
- Escenario modal: Argentina vs Colombia -> gana Argentina (16.3%)
- Ganador mas probable total: Argentina (51.0%)
- Va a proroga en 27.0% y a penales en 17.3%

## Semifinales
### Semifinal 1
- Escenario modal: Brazil vs France -> gana France (9.0%)
- Ganador mas probable total: France (28.0%)
- Va a proroga en 27.7% y a penales en 16.7%

### Semifinal 2
- Escenario modal: Spain vs Argentina -> gana Spain (20.0%)
- Ganador mas probable total: Spain (46.0%)
- Va a proroga en 29.7% y a penales en 17.0%

## Partido por el tercer puesto
### Tercer puesto
- Escenario modal: Netherlands vs Argentina -> gana Argentina (2.7%)
- Ganador mas probable total: Argentina (15.3%)

## Final
### Final
- Escenario modal: France vs Spain -> gana Spain (8.7%)
- Ganador mas probable total: Spain (31.7%)
- Va a proroga en 23.7% y a penales en 14.3%

Reporte Markdown guardado en /Users/jacquesbentata/Documents/New project/mundial_2026/reporte_actual_2026.md
Reporte HTML guardado en /Users/jacquesbentata/Documents/New project/mundial_2026/dashboard_actual_2026.html
[2026-03-18 09:12:50] Sync iCloud -> /Users/jacquesbentata/Library/Mobile Documents/com~apple~CloudDocs/quiniela_2026
[2026-03-18 09:12:50] Fin auto-update
[2026-03-18 10:33:04] Inicio auto-update
Fixtures vivos guardados en /Users/jacquesbentata/Documents/New project/mundial_2026/fixtures_live_2026.json
Partidos sincronizados: 104
Actualizado: 2026-03-18T14:33:22+00:00
Estado reiniciado en /Users/jacquesbentata/Documents/New project/mundial_2026/tournament_state_2026.json

Mexico vs South Africa
Mexico vs South Africa
  xG: 2.32 - 0.20 | 1X2: 85.9% / 12.2% / 1.8%
  Marcadores mas probables:
    2-0: 21.8%
    1-0: 19.1%
    3-0: 16.6%
    4-0: 9.4%
    0-0: 8.4%

South Korea vs Denmark
South Korea vs Denmark
  xG: 0.86 - 1.54 | 1X2: 19.7% / 27.0% / 53.3%
  Marcadores mas probables:
    0-1: 14.5%
    1-1: 12.0%
    0-2: 10.4%
    0-0: 10.1%
    1-2: 9.3%

Canada vs Italy
Canada vs Italy
  xG: 0.88 - 1.48 | 1X2: 21.3% / 27.7% / 51.0%
  Marcadores mas probables:
    0-1: 14.3%
    1-1: 12.3%
    0-0: 10.4%
    0-2: 9.9%
    1-2: 9.2%

United States vs Paraguay
United States vs Paraguay
  xG: 0.91 - 1.45 | 1X2: 22.5% / 28.0% / 49.5%
  Marcadores mas probables:
    0-1: 14.1%
    1-1: 12.4%
    0-0: 10.4%
    0-2: 9.5%
    1-2: 9.1%

Qatar vs Switzerland
Qatar vs Switzerland
  xG: 0.08 - 2.38 | 1X2: 0.6% / 10.2% / 89.1%
  Marcadores mas probables:
    0-2: 24.3%
    0-1: 20.5%
    0-3: 19.1%
    0-4: 11.3%
    0-0: 8.7%

Brazil vs Morocco
Brazil vs Morocco
  xG: 1.92 - 0.45 | 1X2: 73.6% / 19.8% / 6.6%
  Marcadores mas probables:
    1-0: 18.6%
    2-0: 17.1%
    3-0: 10.5%
    0-0: 10.1%
    2-1: 7.8%

Haiti vs Scotland
Haiti vs Scotland
  xG: 0.32 - 2.09 | 1X2: 3.9% / 16.3% / 79.8%
  Marcadores mas probables:
    0-2: 19.6%
    0-1: 19.3%
    0-3: 13.3%
    0-0: 9.5%
    0-4: 6.7%

Australia vs Turkey
Australia vs Turkey
  xG: 0.72 - 1.59 | 1X2: 15.5% / 26.2% / 58.3%
  Marcadores mas probables:
    0-1: 16.3%
    0-2: 12.1%
    1-1: 11.2%
    0-0: 10.9%
    1-2: 9.2%

Germany vs Curacao
Germany vs Curacao
  xG: 2.38 - 0.07 | 1X2: 89.3% / 10.1% / 0.6%
  Marcadores mas probables:
    2-0: 24.4%
    1-0: 20.7%
    3-0: 19.3%
    4-0: 11.4%
    0-0: 8.7%

Netherlands vs Japan
Netherlands vs Japan
  xG: 1.49 - 0.82 | 1X2: 53.0% / 27.7% / 19.3%
  Marcadores mas probables:
    1-0: 15.3%
    1-1: 12.1%
    0-0: 11.0%
    2-0: 10.6%
    2-1: 9.1%

Ivory Coast vs Ecuador
Ivory Coast vs Ecuador
  xG: 0.26 - 2.15 | 1X2: 2.9% / 14.8% / 82.4%
  Marcadores mas probables:
    0-2: 20.8%
    0-1: 19.8%
    0-3: 14.6%
    0-0: 9.4%
    0-4: 7.7%

Ukraine vs Tunisia
Ukraine vs Tunisia
  xG: 1.86 - 0.46 | 1X2: 72.2% / 20.7% / 7.1%
  Marcadores mas probables:
    1-0: 19.0%
    2-0: 16.9%
    0-0: 10.7%
    3-0: 10.0%
    1-1: 8.0%

Spain vs Cape Verde
Spain vs Cape Verde
  xG: 2.49 - 0.07 | 1X2: 90.4% / 9.1% / 0.5%
  Marcadores mas probables:
    2-0: 24.0%
    3-0: 19.8%
    1-0: 19.4%
    4-0: 12.3%
    0-0: 7.9%

Belgium vs Egypt
Belgium vs Egypt
  xG: 1.91 - 0.45 | 1X2: 73.5% / 19.8% / 6.6%
  Marcadores mas probables:
    1-0: 18.8%
    2-0: 17.2%
    3-0: 10.5%
    0-0: 10.2%
    2-1: 7.8%

Saudi Arabia vs Uruguay
Saudi Arabia vs Uruguay
  xG: 0.25 - 2.12 | 1X2: 2.8% / 15.0% / 82.1%
  Marcadores mas probables:
    0-2: 21.0%
    0-1: 20.3%
    0-3: 14.6%
    0-0: 9.8%
    0-4: 7.6%

Iran vs New Zealand
Iran vs New Zealand
  xG: 1.72 - 0.55 | 1X2: 66.5% / 23.6% / 9.9%
  Marcadores mas probables:
    1-0: 18.4%
    2-0: 15.0%
    0-0: 11.4%
    1-1: 9.5%
    2-1: 8.6%

France vs Senegal
France vs Senegal
  xG: 1.97 - 0.40 | 1X2: 75.8% / 18.6% / 5.5%
  Marcadores mas probables:
    1-0: 19.1%
    2-0: 18.1%
    3-0: 11.5%
    0-0: 10.0%
    2-1: 7.3%

Bolivia vs Norway
Bolivia vs Norway
  xG: 0.30 - 2.11 | 1X2: 3.6% / 15.8% / 80.7%
  Marcadores mas probables:
    0-2: 20.0%
    0-1: 19.5%
    0-3: 13.7%
    0-0: 9.5%
    0-4: 7.0%

Argentina vs Algeria
Argentina vs Algeria
  xG: 2.36 - 0.10 | 1X2: 88.6% / 10.6% / 0.8%
  Marcadores mas probables:
    2-0: 23.9%
    1-0: 20.4%
    3-0: 18.7%
    4-0: 11.0%
    0-0: 8.7%

Austria vs Jordan
Austria vs Jordan
  xG: 1.71 - 0.62 | 1X2: 64.3% / 24.1% / 11.6%
  Marcadores mas probables:
    1-0: 17.4%
    2-0: 14.0%
    0-0: 10.8%
    1-1: 10.1%
    2-1: 9.0%

Portugal vs Dem. Rep. of Congo
Portugal vs Dem. Rep. of Congo
  xG: 2.20 - 0.18 | 1X2: 85.0% / 13.2% / 1.8%
  Marcadores mas probables:
    2-0: 22.6%
    1-0: 20.8%
    3-0: 16.3%
    0-0: 9.6%
    4-0: 8.9%

England vs Croatia
England vs Croatia
  xG: 1.63 - 0.72 | 1X2: 59.3% / 25.6% / 15.1%
  Marcadores mas probables:
    1-0: 16.1%
    2-0: 12.3%
    1-1: 11.1%
    0-0: 10.5%
    2-1: 9.3%

Ghana vs Panama
Ghana vs Panama
  xG: 0.42 - 1.96 | 1X2: 5.9% / 19.0% / 75.1%
  Marcadores mas probables:
    0-1: 18.9%
    0-2: 17.8%
    0-3: 11.1%
    0-0: 10.0%
    1-2: 7.5%

Uzbekistan vs Colombia
Uzbekistan vs Colombia
  xG: 0.31 - 2.16 | 1X2: 3.5% / 15.2% / 81.2%
  Marcadores mas probables:
    0-2: 19.7%
    0-1: 18.7%
    0-3: 13.8%
    0-0: 8.9%
    0-4: 7.3%

Denmark vs South Africa
Denmark vs South Africa
  xG: 2.24 - 0.20 | 1X2: 84.9% / 13.1% / 2.0%
  Marcadores mas probables:
    2-0: 22.0%
    1-0: 20.0%
    3-0: 16.1%
    0-0: 9.1%
    4-0: 8.9%

Switzerland vs Italy
Switzerland vs Italy
  xG: 1.25 - 1.11 | 1X2: 39.0% / 29.4% / 31.6%
  Marcadores mas probables:
    1-1: 13.2%
    1-0: 12.1%
    0-1: 10.5%
    0-0: 10.5%
    2-1: 8.2%

Canada vs Qatar
Canada vs Qatar
  xG: 2.33 - 0.15 | 1X2: 87.1% / 11.5% / 1.3%
  Marcadores mas probables:
    2-0: 22.8%
    1-0: 19.8%
    3-0: 17.5%
    4-0: 10.1%
    0-0: 8.6%

Mexico vs South Korea
Mexico vs South Korea
  xG: 1.59 - 0.88 | 1X2: 54.0% / 26.4% / 19.6%
  Marcadores mas probables:
    1-0: 14.0%
    1-1: 11.8%
    2-0: 10.4%
    2-1: 9.5%
    0-0: 9.4%

United States vs Australia
United States vs Australia
  xG: 1.12 - 1.23 | 1X2: 32.4% / 29.5% / 38.2%
  Marcadores mas probables:
    1-1: 13.2%
    0-1: 11.9%
    1-0: 10.7%
    0-0: 10.5%
    1-2: 8.1%

Scotland vs Morocco
Scotland vs Morocco
  xG: 1.15 - 1.22 | 1X2: 33.4% / 29.3% / 37.2%
  Marcadores mas probables:
    1-1: 13.2%
    0-1: 11.6%
    1-0: 10.8%
    0-0: 10.3%
    1-2: 8.0%

Brazil vs Haiti
Brazil vs Haiti
  xG: 2.43 - 0.08 | 1X2: 89.6% / 9.8% / 0.6%
  Marcadores mas probables:
    2-0: 24.0%
    1-0: 19.8%
    3-0: 19.3%
    4-0: 11.7%
    0-0: 8.2%

Turkey vs Paraguay
Turkey vs Paraguay
  xG: 1.41 - 0.95 | 1X2: 47.2% / 28.4% / 24.4%
  Marcadores mas probables:
    1-0: 13.6%
    1-1: 12.7%
    0-0: 10.4%
    2-1: 9.0%
    2-0: 8.9%

Netherlands vs Ukraine
Netherlands vs Ukraine
  xG: 1.81 - 0.56 | 1X2: 68.2% / 22.3% / 9.5%
  Marcadores mas probables:
    1-0: 17.6%
    2-0: 15.0%
    0-0: 10.2%
    1-1: 9.2%
    2-1: 8.7%

Germany vs Ivory Coast
Germany vs Ivory Coast
  xG: 2.23 - 0.22 | 1X2: 84.3% / 13.5% / 2.3%
  Marcadores mas probables:
    2-0: 21.5%
    1-0: 19.6%
    3-0: 15.7%
    0-0: 9.0%
    4-0: 8.6%

Ecuador vs Curacao
Ecuador vs Curacao
  xG: 2.41 - 0.09 | 1X2: 89.3% / 10.0% / 0.7%
  Marcadores mas probables:
    2-0: 23.9%
    1-0: 20.0%
    3-0: 19.1%
    4-0: 11.5%
    0-0: 8.3%

Tunisia vs Japan
Tunisia vs Japan
  xG: 0.30 - 2.13 | 1X2: 3.4% / 15.5% / 81.1%
  Marcadores mas probables:
    0-2: 20.1%
    0-1: 19.4%
    0-3: 13.9%
    0-0: 9.4%
    0-4: 7.2%

Spain vs Saudi Arabia
Spain vs Saudi Arabia
  xG: 2.52 - 0.07 | 1X2: 90.7% / 8.9% / 0.5%
  Marcadores mas probables:
    2-0: 23.9%
    3-0: 20.0%
    1-0: 19.1%
    4-0: 12.5%
    0-0: 7.6%

Belgium vs Iran
Belgium vs Iran
  xG: 1.65 - 0.71 | 1X2: 60.0% / 25.4% / 14.6%
  Marcadores mas probables:
    1-0: 16.1%
    2-0: 12.5%
    1-1: 10.9%
    0-0: 10.4%
    2-1: 9.3%

Uruguay vs Cape Verde
Uruguay vs Cape Verde
  xG: 2.27 - 0.18 | 1X2: 85.8% / 12.5% / 1.7%
  Marcadores mas probables:
    2-0: 22.4%
    1-0: 20.0%
    3-0: 16.7%
    4-0: 9.3%
    0-0: 8.9%

New Zealand vs Egypt
New Zealand vs Egypt
  xG: 0.87 - 1.47 | 1X2: 21.2% / 27.9% / 50.9%
  Marcadores mas probables:
    0-1: 14.5%
    1-1: 12.3%
    0-0: 10.6%
    0-2: 9.9%
    1-2: 9.2%

Argentina vs Austria
Argentina vs Austria
  xG: 2.18 - 0.26 | 1X2: 82.7% / 14.5% / 2.8%
  Marcadores mas probables:
    2-0: 20.7%
    1-0: 19.5%
    3-0: 14.7%
    0-0: 9.1%
    4-0: 7.9%

France vs Bolivia
France vs Bolivia
  xG: 2.41 - 0.11 | 1X2: 88.8% / 10.3% / 0.9%
  Marcadores mas probables:
    2-0: 23.3%
    1-0: 19.5%
    3-0: 18.6%
    4-0: 11.1%
    0-0: 8.2%

Norway vs Senegal
Norway vs Senegal
  xG: 1.46 - 0.89 | 1X2: 50.4% / 27.9% / 21.7%
  Marcadores mas probables:
    1-0: 14.3%
    1-1: 12.4%
    0-0: 10.5%
    2-0: 9.7%
    2-1: 9.2%

Jordan vs Algeria
Jordan vs Algeria
  xG: 1.21 - 1.13 | 1X2: 37.2% / 29.6% / 33.2%
  Marcadores mas probables:
    1-1: 13.2%
    1-0: 11.8%
    0-1: 11.0%
    0-0: 10.6%
    2-1: 7.9%

Portugal vs Uzbekistan
Portugal vs Uzbekistan
  xG: 2.08 - 0.32 | 1X2: 79.8% / 16.3% / 3.9%
  Marcadores mas probables:
    2-0: 19.6%
    1-0: 19.4%
    3-0: 13.3%
    0-0: 9.6%
    4-0: 6.7%

England vs Ghana
England vs Ghana
  xG: 2.50 - 0.07 | 1X2: 90.5% / 9.0% / 0.5%
  Marcadores mas probables:
    2-0: 24.0%
    3-0: 19.9%
    1-0: 19.3%
    4-0: 12.3%
    0-0: 7.8%

Panama vs Croatia
Panama vs Croatia
  xG: 0.42 - 2.01 | 1X2: 5.7% / 18.3% / 76.0%
  Marcadores mas probables:
    0-1: 18.4%
    0-2: 17.8%
    0-3: 11.5%
    0-0: 9.5%
    1-2: 7.5%

Colombia vs Dem. Rep. of Congo
Colombia vs Dem. Rep. of Congo
  xG: 2.39 - 0.18 | 1X2: 87.2% / 11.3% / 1.5%
  Marcadores mas probables:
    2-0: 22.0%
    1-0: 18.7%
    3-0: 17.2%
    4-0: 10.2%
    0-0: 7.9%

Switzerland vs Canada
Switzerland vs Canada
  xG: 1.59 - 0.82 | 1X2: 55.7% / 26.3% / 18.0%
  Marcadores mas probables:
    1-0: 14.8%
    1-1: 11.6%
    2-0: 11.0%
    0-0: 10.0%
    2-1: 9.4%

Italy vs Qatar
Italy vs Qatar
  xG: 2.41 - 0.09 | 1X2: 89.2% / 10.1% / 0.7%
  Marcadores mas probables:
    2-0: 23.9%
    1-0: 20.0%
    3-0: 19.0%
    4-0: 11.4%
    0-0: 8.3%

Morocco vs Haiti
Morocco vs Haiti
  xG: 2.11 - 0.30 | 1X2: 80.7% / 15.7% / 3.6%
  Marcadores mas probables:
    2-0: 20.0%
    1-0: 19.4%
    3-0: 13.7%
    0-0: 9.4%
    4-0: 7.1%

Scotland vs Brazil
Scotland vs Brazil
  xG: 0.44 - 1.96 | 1X2: 6.3% / 19.2% / 74.4%
  Marcadores mas probables:
    0-1: 18.4%
    0-2: 17.3%
    0-3: 10.8%
    0-0: 9.8%
    1-2: 7.8%

South Africa vs South Korea
South Africa vs South Korea
  xG: 0.33 - 2.08 | 1X2: 4.0% / 16.4% / 79.6%
  Marcadores mas probables:
    0-2: 19.5%
    0-1: 19.3%
    0-3: 13.1%
    0-0: 9.6%
    0-4: 6.6%

Denmark vs Mexico
Denmark vs Mexico
  xG: 1.21 - 1.23 | 1X2: 35.2% / 28.8% / 36.0%
  Marcadores mas probables:
    1-1: 13.0%
    0-1: 10.9%
    1-0: 10.7%
    0-0: 9.6%
    1-2: 7.9%

Curacao vs Ivory Coast
Curacao vs Ivory Coast
  xG: 0.54 - 1.84 | 1X2: 8.9% / 21.8% / 69.3%
  Marcadores mas probables:
    0-1: 17.7%
    0-2: 15.4%
    0-0: 10.2%
    0-3: 8.9%
    1-1: 8.9%

Ecuador vs Germany
Ecuador vs Germany
  xG: 1.06 - 1.30 | 1X2: 29.4% / 29.2% / 41.4%
  Marcadores mas probables:
    1-1: 13.1%
    0-1: 12.5%
    0-0: 10.5%
    1-0: 10.0%
    1-2: 8.5%

Japan vs Ukraine
Japan vs Ukraine
  xG: 1.51 - 0.85 | 1X2: 52.5% / 27.4% / 20.1%
  Marcadores mas probables:
    1-0: 14.7%
    1-1: 12.1%
    0-0: 10.4%
    2-0: 10.3%
    2-1: 9.2%

Tunisia vs Netherlands
Tunisia vs Netherlands
  xG: 0.17 - 2.27 | 1X2: 1.6% / 12.4% / 86.0%
  Marcadores mas probables:
    0-2: 22.5%
    0-1: 20.0%
    0-3: 16.8%
    0-4: 9.4%
    0-0: 8.9%

Paraguay vs Australia
Paraguay vs Australia
  xG: 1.40 - 0.97 | 1X2: 46.5% / 28.5% / 25.0%
  Marcadores mas probables:
    1-0: 13.4%
    1-1: 12.7%
    0-0: 10.3%
    0-1: 9.0%
    2-1: 8.9%

Turkey vs United States
Turkey vs United States
  xG: 1.68 - 0.70 | 1X2: 61.2% / 24.8% / 14.0%
  Marcadores mas probables:
    1-0: 16.1%
    2-0: 12.7%
    1-1: 10.7%
    0-0: 10.2%
    2-1: 9.3%

Norway vs France
Norway vs France
  xG: 0.61 - 1.81 | 1X2: 10.5% / 22.6% / 67.0%
  Marcadores mas probables:
    0-1: 16.9%
    0-2: 14.4%
    0-0: 9.9%
    1-1: 9.5%
    1-2: 9.0%

Senegal vs Bolivia
Senegal vs Bolivia
  xG: 1.97 - 0.46 | 1X2: 74.2% / 19.2% / 6.6%
  Marcadores mas probables:
    1-0: 18.0%
    2-0: 17.0%
    3-0: 10.7%
    0-0: 9.5%
    2-1: 7.9%

Cape Verde vs Saudi Arabia
Cape Verde vs Saudi Arabia
  xG: 0.91 - 1.40 | 1X2: 23.3% / 28.6% / 48.1%
  Marcadores mas probables:
    0-1: 14.2%
    1-1: 12.6%
    0-0: 10.9%
    0-2: 9.3%
    1-2: 8.9%

Uruguay vs Spain
Uruguay vs Spain
  xG: 0.32 - 2.21 | 1X2: 3.5% / 14.8% / 81.7%
  Marcadores mas probables:
    0-2: 19.5%
    0-1: 18.2%
    0-3: 14.0%
    0-0: 8.5%
    0-4: 7.5%

Egypt vs Iran
Egypt vs Iran
  xG: 0.82 - 1.53 | 1X2: 19.0% / 27.1% / 53.9%
  Marcadores mas probables:
    0-1: 15.0%
    1-1: 11.9%
    0-2: 10.7%
    0-0: 10.5%
    1-2: 9.3%

New Zealand vs Belgium
New Zealand vs Belgium
  xG: 0.30 - 2.13 | 1X2: 3.5% / 15.5% / 81.1%
  Marcadores mas probables:
    0-2: 20.0%
    0-1: 19.3%
    0-3: 13.9%
    0-0: 9.3%
    0-4: 7.2%

Croatia vs Ghana
Croatia vs Ghana
  xG: 2.40 - 0.11 | 1X2: 88.7% / 10.4% / 0.9%
  Marcadores mas probables:
    2-0: 23.5%
    1-0: 19.8%
    3-0: 18.6%
    4-0: 11.1%
    0-0: 8.3%

Panama vs England
Panama vs England
  xG: 0.21 - 2.27 | 1X2: 2.0% / 12.9% / 85.1%
  Marcadores mas probables:
    0-2: 21.7%
    0-1: 19.5%
    0-3: 16.1%
    0-4: 9.0%
    0-0: 8.8%

Colombia vs Portugal
Colombia vs Portugal
  xG: 1.19 - 1.14 | 1X2: 36.4% / 29.7% / 33.9%
  Marcadores mas probables:
    1-1: 13.3%
    1-0: 11.7%
    0-1: 11.2%
    0-0: 10.8%
    2-1: 7.8%

Dem. Rep. of Congo vs Uzbekistan
Dem. Rep. of Congo vs Uzbekistan
  xG: 0.78 - 1.55 | 1X2: 17.6% / 26.9% / 55.5%
  Marcadores mas probables:
    0-1: 15.5%
    1-1: 11.7%
    0-2: 11.3%
    0-0: 10.7%
    1-2: 9.2%

Algeria vs Austria
Algeria vs Austria
  xG: 0.60 - 1.78 | 1X2: 10.5% / 22.9% / 66.6%
  Marcadores mas probables:
    0-1: 17.2%
    0-2: 14.5%
    0-0: 10.2%
    1-1: 9.6%
    1-2: 8.9%

Jordan vs Argentina
Jordan vs Argentina
  xG: 0.10 - 2.38 | 1X2: 0.8% / 10.5% / 88.7%
  Marcadores mas probables:
    0-2: 23.7%
    0-1: 20.0%
    0-3: 18.7%
    0-4: 11.0%
    0-0: 8.5%

Dieciseisavos 1
  Cruce futuro con placeholders: se omite en la actualizacion de estado.

Dieciseisavos 2
  Cruce futuro con placeholders: se omite en la actualizacion de estado.

Dieciseisavos 3
  Cruce futuro con placeholders: se omite en la actualizacion de estado.

Dieciseisavos 4
  Cruce futuro con placeholders: se omite en la actualizacion de estado.

Dieciseisavos 5
  Cruce futuro con placeholders: se omite en la actualizacion de estado.

Dieciseisavos 6
  Cruce futuro con placeholders: se omite en la actualizacion de estado.

Dieciseisavos 7
  Cruce futuro con placeholders: se omite en la actualizacion de estado.

Dieciseisavos 8
  Cruce futuro con placeholders: se omite en la actualizacion de estado.

Dieciseisavos 9
  Cruce futuro con placeholders: se omite en la actualizacion de estado.

Dieciseisavos 10
  Cruce futuro con placeholders: se omite en la actualizacion de estado.

Dieciseisavos 11
  Cruce futuro con placeholders: se omite en la actualizacion de estado.

Dieciseisavos 12
  Cruce futuro con placeholders: se omite en la actualizacion de estado.

Dieciseisavos 13
  Cruce futuro con placeholders: se omite en la actualizacion de estado.

Dieciseisavos 14
  Cruce futuro con placeholders: se omite en la actualizacion de estado.

Dieciseisavos 15
  Cruce futuro con placeholders: se omite en la actualizacion de estado.

Dieciseisavos 16
  Cruce futuro con placeholders: se omite en la actualizacion de estado.

Octavos 1
  Cruce futuro con placeholders: se omite en la actualizacion de estado.

Octavos 2
  Cruce futuro con placeholders: se omite en la actualizacion de estado.

Octavos 3
  Cruce futuro con placeholders: se omite en la actualizacion de estado.

Octavos 4
  Cruce futuro con placeholders: se omite en la actualizacion de estado.

Octavos 5
  Cruce futuro con placeholders: se omite en la actualizacion de estado.

Octavos 6
  Cruce futuro con placeholders: se omite en la actualizacion de estado.

Octavos 7
  Cruce futuro con placeholders: se omite en la actualizacion de estado.

Octavos 8
  Cruce futuro con placeholders: se omite en la actualizacion de estado.

Cuartos 1
  Cruce futuro con placeholders: se omite en la actualizacion de estado.

Cuartos 2
  Cruce futuro con placeholders: se omite en la actualizacion de estado.

Cuartos 3
  Cruce futuro con placeholders: se omite en la actualizacion de estado.

Cuartos 4
  Cruce futuro con placeholders: se omite en la actualizacion de estado.

Semifinal 1
  Cruce futuro con placeholders: se omite en la actualizacion de estado.

Semifinal 2
  Cruce futuro con placeholders: se omite en la actualizacion de estado.

Tercer puesto
  Cruce futuro con placeholders: se omite en la actualizacion de estado.

Final
  Cruce futuro con placeholders: se omite en la actualizacion de estado.

Estado persistente guardado en /Users/jacquesbentata/Documents/New project/mundial_2026/tournament_state_2026.json
Progreso llave: 250/300 iteraciones
Llave proyectada guardada en /Users/jacquesbentata/Documents/New project/mundial_2026/llave_actual_2026.md
Llave estructurada guardada en /Users/jacquesbentata/Documents/New project/mundial_2026/llave_actual_2026.json
# Llave actual proyectada | iteraciones=300

## Dieciseisavos de final
### Dieciseisavos 1
- Escenario modal: South Korea vs Switzerland -> gana Switzerland (7.7%)
- Ganador mas probable total: Switzerland (20.3%)
- Va a proroga en 31.0% y a penales en 20.0%

### Dieciseisavos 2
- Escenario modal: Germany vs United States -> gana Germany (6.0%)
- Ganador mas probable total: Germany (45.3%)
- Va a proroga en 24.0% y a penales en 10.7%

### Dieciseisavos 3
- Escenario modal: Netherlands vs Scotland -> gana Netherlands (24.3%)
- Ganador mas probable total: Netherlands (50.7%)
- Va a proroga en 27.3% y a penales en 15.7%

### Dieciseisavos 4
- Escenario modal: Brazil vs Japan -> gana Brazil (30.3%)
- Ganador mas probable total: Brazil (67.3%)
- Va a proroga en 26.0% y a penales en 16.3%

### Dieciseisavos 5
- Escenario modal: France vs Morocco -> gana France (7.0%)
- Ganador mas probable total: France (69.3%)
- Va a proroga en 16.0% y a penales en 8.7%

### Dieciseisavos 6
- Escenario modal: Ecuador vs Norway -> gana Norway (14.0%)
- Ganador mas probable total: Norway (26.7%)
- Va a proroga en 29.7% y a penales en 18.3%

### Dieciseisavos 7
- Escenario modal: Mexico vs Morocco -> gana Mexico (7.3%)
- Ganador mas probable total: Mexico (39.3%)
- Va a proroga en 25.3% y a penales en 17.0%

### Dieciseisavos 8
- Escenario modal: England vs Uzbekistan -> gana England (24.0%)
- Ganador mas probable total: England (59.3%)
- Va a proroga en 17.0% y a penales en 12.7%

### Dieciseisavos 9
- Escenario modal: Turkey vs Canada -> gana Turkey (7.3%)
- Ganador mas probable total: Turkey (28.3%)
- Va a proroga en 27.0% y a penales en 15.0%

### Dieciseisavos 10
- Escenario modal: Belgium vs South Korea -> gana Belgium (13.0%)
- Ganador mas probable total: Belgium (48.7%)
- Va a proroga en 30.0% y a penales en 18.7%

### Dieciseisavos 11
- Escenario modal: Portugal vs Croatia -> gana Portugal (17.3%)
- Ganador mas probable total: Portugal (26.0%)
- Va a proroga en 27.3% y a penales en 17.0%

### Dieciseisavos 12
- Escenario modal: Spain vs Austria -> gana Spain (50.7%)
- Ganador mas probable total: Spain (84.0%)
- Va a proroga en 15.7% y a penales en 9.7%

### Dieciseisavos 13
- Escenario modal: Switzerland vs Egypt -> gana Switzerland (6.7%)
- Ganador mas probable total: Switzerland (40.7%)
- Va a proroga en 19.3% y a penales en 14.0%

### Dieciseisavos 14
- Escenario modal: Argentina vs Uruguay -> gana Argentina (61.7%)
- Ganador mas probable total: Argentina (76.7%)
- Va a proroga en 23.3% y a penales en 16.3%

### Dieciseisavos 15
- Escenario modal: Colombia vs Panama -> gana Colombia (20.3%)
- Ganador mas probable total: Colombia (43.3%)
- Va a proroga en 21.7% y a penales en 13.7%

### Dieciseisavos 16
- Escenario modal: Australia vs Iran -> gana Australia (9.0%)
- Ganador mas probable total: Australia (18.0%)
- Va a proroga en 28.3% y a penales en 18.3%

## Octavos de final
### Octavos 1
- Escenario modal: Switzerland vs Ecuador -> gana Ecuador (6.3%)
- Ganador mas probable total: Ecuador (27.0%)
- Va a proroga en 28.7% y a penales en 18.7%

### Octavos 2
- Escenario modal: Netherlands vs Brazil -> gana Brazil (24.3%)
- Ganador mas probable total: Brazil (52.3%)
- Va a proroga en 31.7% y a penales en 20.7%

### Octavos 3
- Escenario modal: France vs Norway -> gana France (18.0%)
- Ganador mas probable total: France (67.3%)
- Va a proroga en 23.0% y a penales en 15.0%

### Octavos 4
- Escenario modal: Mexico vs England -> gana England (17.3%)
- Ganador mas probable total: England (48.0%)
- Va a proroga en 25.7% y a penales en 17.3%

### Octavos 5
- Escenario modal: Paraguay vs Belgium -> gana Belgium (6.7%)
- Ganador mas probable total: Belgium (29.0%)
- Va a proroga en 31.3% y a penales en 20.0%

### Octavos 6
- Escenario modal: Croatia vs Spain -> gana Spain (17.3%)
- Ganador mas probable total: Spain (68.0%)
- Va a proroga en 24.0% y a penales en 12.7%

### Octavos 7
- Escenario modal: Switzerland vs Argentina -> gana Argentina (28.7%)
- Ganador mas probable total: Argentina (67.3%)
- Va a proroga en 24.0% y a penales en 11.7%

### Octavos 8
- Escenario modal: Colombia vs Paraguay -> gana Colombia (8.0%)
- Ganador mas probable total: Colombia (36.3%)
- Va a proroga en 21.0% y a penales en 13.0%

## Cuartos de final
### Cuartos 1
- Escenario modal: Germany vs Brazil -> gana Brazil (11.7%)
- Ganador mas probable total: Brazil (35.3%)
- Va a proroga en 28.0% y a penales en 17.3%

### Cuartos 2
- Escenario modal: France vs England -> gana France (16.0%)
- Ganador mas probable total: France (45.0%)
- Va a proroga en 29.0% y a penales en 16.3%

### Cuartos 3
- Escenario modal: Belgium vs Spain -> gana Spain (18.3%)
- Ganador mas probable total: Spain (61.7%)
- Va a proroga en 16.3% y a penales en 8.7%

### Cuartos 4
- Escenario modal: Argentina vs Colombia -> gana Argentina (16.3%)
- Ganador mas probable total: Argentina (51.0%)
- Va a proroga en 27.0% y a penales en 17.3%

## Semifinales
### Semifinal 1
- Escenario modal: Brazil vs France -> gana France (9.0%)
- Ganador mas probable total: France (28.0%)
- Va a proroga en 27.7% y a penales en 16.7%

### Semifinal 2
- Escenario modal: Spain vs Argentina -> gana Spain (20.0%)
- Ganador mas probable total: Spain (46.0%)
- Va a proroga en 29.7% y a penales en 17.0%

## Partido por el tercer puesto
### Tercer puesto
- Escenario modal: Netherlands vs Argentina -> gana Argentina (2.7%)
- Ganador mas probable total: Argentina (15.3%)

## Final
### Final
- Escenario modal: France vs Spain -> gana Spain (8.7%)
- Ganador mas probable total: Spain (31.7%)
- Va a proroga en 23.7% y a penales en 14.3%

Reporte Markdown guardado en /Users/jacquesbentata/Documents/New project/mundial_2026/reporte_actual_2026.md
Reporte HTML guardado en /Users/jacquesbentata/Documents/New project/mundial_2026/dashboard_actual_2026.html
[2026-03-18 10:34:11] Sync iCloud -> /Users/jacquesbentata/Library/Mobile Documents/com~apple~CloudDocs/quiniela_2026
[2026-03-18 10:34:11] Fin auto-update
